<?xml version="1.0" encoding="UTF-8"?>
<!-- Generated by org.testng.reporters.JUnitReportReporter -->
<testsuite hostname="ARS-MSOFT-LAP-100" failures="0" tests="1" name="QA.QA.SeleniumTest" time="0.005" errors="0" timestamp="2020-10-27T19:23:39 IST" skipped="0">
  <testcase classname="QA.QA.SeleniumTest" name="browsertest" time="0.005"/>
  <system-out/>
</testsuite> <!-- QA.QA.SeleniumTest -->
