<?xml version="1.0" encoding="UTF-8"?>
<!-- Generated by org.testng.reporters.JUnitReportReporter -->
<testsuite hostname="ARS-MSOFT-LAP-100" failures="0" tests="1" name="QA.QA.MobileTest" time="0.001" errors="0" timestamp="2020-10-27T19:22:18 IST" skipped="0">
  <testcase classname="QA.QA.MobileTest" name="browsertest" time="0.001"/>
  <system-out/>
</testsuite> <!-- QA.QA.MobileTest -->
