<?xml version="1.0" encoding="UTF-8"?>
<!-- Generated by org.testng.reporters.JUnitReportReporter -->
<testsuite hostname="ARS-MSOFT-LAP-100" failures="0" tests="1" name="QA.QA.MobileQATest" time="0.016" errors="0" timestamp="2020-10-26T23:09:15 IST" skipped="0">
  <testcase classname="QA.QA.MobileQATest" name="browsertest" time="0.016"/>
  <system-out/>
</testsuite> <!-- QA.QA.MobileQATest -->
